{"C:\\DangerZoneMobile\\src\\containers\\ChaptersScreen\\ChaptersScreen.js": {"path":"C:\\DangerZoneMobile\\src\\containers\\ChaptersScreen\\ChaptersScreen.js","statementMap":{"0":{"start":{"line":1,"column":42},"end":{"line":1,"column":97}},"1":{"start":{"line":1,"column":98},"end":{"line":1,"column":160}},"2":{"start":{"line":1,"column":160},"end":{"line":1,"column":185}},"3":{"start":{"line":1,"column":198},"end":{"line":1,"column":238}},"4":{"start":{"line":2,"column":19},"end":{"line":2,"column":42}},"5":{"start":{"line":4,"column":18},"end":{"line":4,"column":40}},"6":{"start":{"line":4,"column":60},"end":{"line":4,"column":134}},"7":{"start":{"line":6,"column":21},"end":{"line":15,"column":1}},"8":{"start":{"line":7,"column":2},"end":{"line":12,"column":142}},"9":{"start":{"line":17,"column":13},"end":{"line":19,"column":21}},"10":{"start":{"line":23,"column":22},"end":{"line":27,"column":1}},"11":{"start":{"line":24,"column":2},"end":{"line":25,"column":37}},"12":{"start":{"line":29,"column":0},"end":{"line":29,"column":57}},"13":{"start":{"line":29,"column":58},"end":{"line":29,"column":85}}},"fnMap":{"0":{"name":"ChaptersScreen","decl":{"start":{"line":6,"column":30},"end":{"line":6,"column":44}},"loc":{"start":{"line":6,"column":52},"end":{"line":15,"column":1}},"line":6},"1":{"name":"mapStateToProps","decl":{"start":{"line":23,"column":31},"end":{"line":23,"column":46}},"loc":{"start":{"line":23,"column":54},"end":{"line":27,"column":1}},"line":23}},"branchMap":{},"s":{"0":1,"1":1,"2":1,"3":1,"4":1,"5":1,"6":1,"7":1,"8":1,"9":1,"10":1,"11":1,"12":1,"13":1},"f":{"0":1,"1":1},"b":{},"inputSourceMap":null,"_coverageSchema":"1a1c01bbd47fc00a2c39e90264f33305004495a9","hash":"f5b298906e116d8e80e9991ed6fbf36534cfe3bd"}
,"C:\\DangerZoneMobile\\src\\store\\utils.js": {"path":"C:\\DangerZoneMobile\\src\\store\\utils.js","statementMap":{"0":{"start":{"line":1,"column":42},"end":{"line":1,"column":97}},"1":{"start":{"line":1,"column":98},"end":{"line":1,"column":160}},"2":{"start":{"line":1,"column":160},"end":{"line":1,"column":236}},"3":{"start":{"line":1,"column":259},"end":{"line":1,"column":331}},"4":{"start":{"line":1,"column":345},"end":{"line":1,"column":361}},"5":{"start":{"line":2,"column":16},"end":{"line":2,"column":68}},"6":{"start":{"line":3,"column":18},"end":{"line":3,"column":64}},"7":{"start":{"line":3,"column":118},"end":{"line":3,"column":137}},"8":{"start":{"line":3,"column":138},"end":{"line":3,"column":383}},"9":{"start":{"line":3,"column":187},"end":{"line":3,"column":223}},"10":{"start":{"line":3,"column":224},"end":{"line":3,"column":351}},"11":{"start":{"line":3,"column":244},"end":{"line":3,"column":351}},"12":{"start":{"line":3,"column":285},"end":{"line":3,"column":348}},"13":{"start":{"line":3,"column":351},"end":{"line":3,"column":382}},"14":{"start":{"line":3,"column":383},"end":{"line":3,"column":395}},"15":{"start":{"line":3,"column":428},"end":{"line":3,"column":913}},"16":{"start":{"line":3,"column":441},"end":{"line":3,"column":442}},"17":{"start":{"line":3,"column":485},"end":{"line":3,"column":525}},"18":{"start":{"line":3,"column":526},"end":{"line":3,"column":912}},"19":{"start":{"line":3,"column":538},"end":{"line":3,"column":651}},"20":{"start":{"line":3,"column":592},"end":{"line":3,"column":648}},"21":{"start":{"line":3,"column":658},"end":{"line":3,"column":912}},"22":{"start":{"line":3,"column":697},"end":{"line":3,"column":771}},"23":{"start":{"line":3,"column":779},"end":{"line":3,"column":911}},"24":{"start":{"line":3,"column":827},"end":{"line":3,"column":908}},"25":{"start":{"line":3,"column":913},"end":{"line":3,"column":927}},"26":{"start":{"line":5,"column":21},"end":{"line":8,"column":1}},"27":{"start":{"line":6,"column":16},"end":{"line":6,"column":60}},"28":{"start":{"line":7,"column":2},"end":{"line":7,"column":17}},"29":{"start":{"line":8,"column":2},"end":{"line":8,"column":42}},"30":{"start":{"line":10,"column":16},"end":{"line":13,"column":1}},"31":{"start":{"line":11,"column":34},"end":{"line":11,"column":102}},"32":{"start":{"line":12,"column":2},"end":{"line":12,"column":68}},"33":{"start":{"line":13,"column":2},"end":{"line":13,"column":32}},"34":{"start":{"line":15,"column":20},"end":{"line":20,"column":1}},"35":{"start":{"line":16,"column":2},"end":{"line":18,"column":21}},"36":{"start":{"line":20,"column":2},"end":{"line":20,"column":40}}},"fnMap":{"0":{"name":"ownKeys","decl":{"start":{"line":3,"column":74},"end":{"line":3,"column":81}},"loc":{"start":{"line":3,"column":106},"end":{"line":3,"column":396}},"line":3},"1":{"name":"(anonymous_1)","decl":{"start":{"line":3,"column":269},"end":{"line":3,"column":270}},"loc":{"start":{"line":3,"column":284},"end":{"line":3,"column":349}},"line":3},"2":{"name":"_objectSpread","decl":{"start":{"line":3,"column":405},"end":{"line":3,"column":418}},"loc":{"start":{"line":3,"column":427},"end":{"line":3,"column":928}},"line":3},"3":{"name":"(anonymous_3)","decl":{"start":{"line":3,"column":576},"end":{"line":3,"column":577}},"loc":{"start":{"line":3,"column":591},"end":{"line":3,"column":649}},"line":3},"4":{"name":"(anonymous_4)","decl":{"start":{"line":3,"column":811},"end":{"line":3,"column":812}},"loc":{"start":{"line":3,"column":826},"end":{"line":3,"column":909}},"line":3},"5":{"name":"findByTestAttr","decl":{"start":{"line":5,"column":30},"end":{"line":5,"column":44}},"loc":{"start":{"line":5,"column":62},"end":{"line":8,"column":1}},"line":5},"6":{"name":"testStore","decl":{"start":{"line":10,"column":25},"end":{"line":10,"column":34}},"loc":{"start":{"line":10,"column":49},"end":{"line":13,"column":1}},"line":10},"7":{"name":"updatedObject","decl":{"start":{"line":15,"column":29},"end":{"line":15,"column":42}},"loc":{"start":{"line":15,"column":73},"end":{"line":20,"column":1}},"line":15}},"branchMap":{"0":{"loc":{"start":{"line":3,"column":138},"end":{"line":3,"column":383}},"type":"if","locations":[{"start":{"line":3,"column":138},"end":{"line":3,"column":383}},{"start":{"line":3,"column":138},"end":{"line":3,"column":383}}],"line":3},"1":{"loc":{"start":{"line":3,"column":224},"end":{"line":3,"column":351}},"type":"if","locations":[{"start":{"line":3,"column":224},"end":{"line":3,"column":351}},{"start":{"line":3,"column":224},"end":{"line":3,"column":351}}],"line":3},"2":{"loc":{"start":{"line":3,"column":485},"end":{"line":3,"column":525}},"type":"cond-expr","locations":[{"start":{"line":3,"column":508},"end":{"line":3,"column":520}},{"start":{"line":3,"column":523},"end":{"line":3,"column":525}}],"line":3},"3":{"loc":{"start":{"line":3,"column":526},"end":{"line":3,"column":912}},"type":"if","locations":[{"start":{"line":3,"column":526},"end":{"line":3,"column":912}},{"start":{"line":3,"column":526},"end":{"line":3,"column":912}}],"line":3},"4":{"loc":{"start":{"line":3,"column":658},"end":{"line":3,"column":912}},"type":"if","locations":[{"start":{"line":3,"column":658},"end":{"line":3,"column":912}},{"start":{"line":3,"column":658},"end":{"line":3,"column":912}}],"line":3}},"s":{"0":1,"1":1,"2":1,"3":1,"4":1,"5":1,"6":1,"7":0,"8":0,"9":0,"10":0,"11":0,"12":0,"13":0,"14":0,"15":0,"16":0,"17":0,"18":0,"19":0,"20":0,"21":0,"22":0,"23":0,"24":0,"25":0,"26":1,"27":0,"28":0,"29":1,"30":1,"31":0,"32":0,"33":1,"34":1,"35":0,"36":1},"f":{"0":0,"1":0,"2":0,"3":0,"4":0,"5":0,"6":0,"7":0},"b":{"0":[0,0],"1":[0,0],"2":[0,0],"3":[0,0],"4":[0,0]},"inputSourceMap":null,"_coverageSchema":"1a1c01bbd47fc00a2c39e90264f33305004495a9","hash":"9b0a7e3dca3777b7808ee007676e7a718fd68550"}
,"C:\\DangerZoneMobile\\src\\store\\actions\\actionTypes.js": {"path":"C:\\DangerZoneMobile\\src\\store\\actions\\actionTypes.js","statementMap":{"0":{"start":{"line":1,"column":13},"end":{"line":1,"column":75}},"1":{"start":{"line":1,"column":75},"end":{"line":1,"column":98}},"2":{"start":{"line":1,"column":110},"end":{"line":5,"column":28}},"3":{"start":{"line":5,"column":29},"end":{"line":5,"column":51}}},"fnMap":{},"branchMap":{},"s":{"0":1,"1":1,"2":1,"3":1},"f":{},"b":{},"inputSourceMap":null,"_coverageSchema":"1a1c01bbd47fc00a2c39e90264f33305004495a9","hash":"11361b245de81a754fe2298206b4942fe97872e8"}
,"C:\\DangerZoneMobile\\src\\store\\reducers\\index.js": {"path":"C:\\DangerZoneMobile\\src\\store\\reducers\\index.js","statementMap":{"0":{"start":{"line":1,"column":42},"end":{"line":1,"column":97}},"1":{"start":{"line":1,"column":98},"end":{"line":1,"column":160}},"2":{"start":{"line":1,"column":160},"end":{"line":1,"column":185}},"3":{"start":{"line":1,"column":198},"end":{"line":1,"column":214}},"4":{"start":{"line":3,"column":12},"end":{"line":3,"column":65}},"5":{"start":{"line":5,"column":18},"end":{"line":6,"column":31}},"6":{"start":{"line":9,"column":0},"end":{"line":9,"column":11}},"7":{"start":{"line":9,"column":12},"end":{"line":9,"column":39}}},"fnMap":{},"branchMap":{},"s":{"0":1,"1":1,"2":1,"3":1,"4":1,"5":1,"6":1,"7":1},"f":{},"b":{},"inputSourceMap":null,"_coverageSchema":"1a1c01bbd47fc00a2c39e90264f33305004495a9","hash":"a198282d093f5de6796d48aaf2ae2098ee7c52c0"}
,"C:\\DangerZoneMobile\\src\\store\\reducers\\authReducer\\auth.js": {"path":"C:\\DangerZoneMobile\\src\\store\\reducers\\authReducer\\auth.js","statementMap":{"0":{"start":{"line":1,"column":13},"end":{"line":1,"column":75}},"1":{"start":{"line":1,"column":75},"end":{"line":1,"column":100}},"2":{"start":{"line":1,"column":119},"end":{"line":1,"column":155}},"3":{"start":{"line":2,"column":13},"end":{"line":2,"column":35}},"4":{"start":{"line":4,"column":19},"end":{"line":6,"column":15}},"5":{"start":{"line":9,"column":18},"end":{"line":18,"column":1}},"6":{"start":{"line":9,"column":54},"end":{"line":9,"column":134}},"7":{"start":{"line":9,"column":148},"end":{"line":9,"column":195}},"8":{"start":{"line":10,"column":2},"end":{"line":16,"column":20}},"9":{"start":{"line":12,"column":6},"end":{"line":12,"column":40}},"10":{"start":{"line":14,"column":6},"end":{"line":14,"column":37}},"11":{"start":{"line":16,"column":6},"end":{"line":16,"column":19}},"12":{"start":{"line":20,"column":15},"end":{"line":24,"column":1}},"13":{"start":{"line":21,"column":2},"end":{"line":22,"column":41}},"14":{"start":{"line":26,"column":18},"end":{"line":30,"column":1}},"15":{"start":{"line":27,"column":2},"end":{"line":28,"column":27}},"16":{"start":{"line":32,"column":0},"end":{"line":32,"column":11}},"17":{"start":{"line":32,"column":12},"end":{"line":32,"column":39}}},"fnMap":{"0":{"name":"authReducer","decl":{"start":{"line":9,"column":27},"end":{"line":9,"column":38}},"loc":{"start":{"line":9,"column":41},"end":{"line":18,"column":1}},"line":9},"1":{"name":"AuthFail","decl":{"start":{"line":20,"column":24},"end":{"line":20,"column":32}},"loc":{"start":{"line":20,"column":48},"end":{"line":24,"column":1}},"line":20},"2":{"name":"AuthSuccess","decl":{"start":{"line":26,"column":27},"end":{"line":26,"column":38}},"loc":{"start":{"line":26,"column":54},"end":{"line":30,"column":1}},"line":26}},"branchMap":{"0":{"loc":{"start":{"line":9,"column":54},"end":{"line":9,"column":134}},"type":"cond-expr","locations":[{"start":{"line":9,"column":107},"end":{"line":9,"column":119}},{"start":{"line":9,"column":122},"end":{"line":9,"column":134}}],"line":9},"1":{"loc":{"start":{"line":9,"column":54},"end":{"line":9,"column":104}},"type":"binary-expr","locations":[{"start":{"line":9,"column":54},"end":{"line":9,"column":74}},{"start":{"line":9,"column":78},"end":{"line":9,"column":104}}],"line":9},"2":{"loc":{"start":{"line":9,"column":148},"end":{"line":9,"column":195}},"type":"cond-expr","locations":[{"start":{"line":9,"column":171},"end":{"line":9,"column":183}},{"start":{"line":9,"column":186},"end":{"line":9,"column":195}}],"line":9},"3":{"loc":{"start":{"line":10,"column":2},"end":{"line":16,"column":20}},"type":"switch","locations":[{"start":{"line":11,"column":4},"end":{"line":12,"column":40}},{"start":{"line":13,"column":4},"end":{"line":14,"column":37}},{"start":{"line":15,"column":4},"end":{"line":16,"column":19}}],"line":10}},"s":{"0":1,"1":1,"2":1,"3":1,"4":1,"5":1,"6":3,"7":3,"8":3,"9":0,"10":0,"11":3,"12":1,"13":0,"14":1,"15":0,"16":1,"17":1},"f":{"0":3,"1":0,"2":0},"b":{"0":[0,3],"1":[3,3],"2":[3,0],"3":[0,0,3]},"inputSourceMap":null,"_coverageSchema":"1a1c01bbd47fc00a2c39e90264f33305004495a9","hash":"820a8b90be4e00e5ba21d9f4538cec994c39b908"}
,"C:\\DangerZoneMobile\\src\\utils\\index.js": {"path":"C:\\DangerZoneMobile\\src\\utils\\index.js","statementMap":{"0":{"start":{"line":1,"column":42},"end":{"line":1,"column":97}},"1":{"start":{"line":1,"column":98},"end":{"line":1,"column":160}},"2":{"start":{"line":1,"column":160},"end":{"line":1,"column":212}},"3":{"start":{"line":1,"column":225},"end":{"line":1,"column":241}},"4":{"start":{"line":2,"column":16},"end":{"line":2,"column":68}},"5":{"start":{"line":3,"column":18},"end":{"line":3,"column":64}},"6":{"start":{"line":5,"column":21},"end":{"line":8,"column":1}},"7":{"start":{"line":6,"column":16},"end":{"line":6,"column":60}},"8":{"start":{"line":7,"column":2},"end":{"line":7,"column":17}},"9":{"start":{"line":8,"column":2},"end":{"line":8,"column":42}},"10":{"start":{"line":10,"column":16},"end":{"line":13,"column":1}},"11":{"start":{"line":11,"column":34},"end":{"line":11,"column":102}},"12":{"start":{"line":12,"column":2},"end":{"line":12,"column":68}},"13":{"start":{"line":13,"column":2},"end":{"line":13,"column":32}}},"fnMap":{"0":{"name":"findByTestAttr","decl":{"start":{"line":5,"column":30},"end":{"line":5,"column":44}},"loc":{"start":{"line":5,"column":62},"end":{"line":8,"column":1}},"line":5},"1":{"name":"testStore","decl":{"start":{"line":10,"column":25},"end":{"line":10,"column":34}},"loc":{"start":{"line":10,"column":49},"end":{"line":13,"column":1}},"line":10}},"branchMap":{},"s":{"0":1,"1":1,"2":1,"3":1,"4":1,"5":1,"6":1,"7":1,"8":1,"9":1,"10":1,"11":1,"12":1,"13":1},"f":{"0":1,"1":1},"b":{},"inputSourceMap":null,"_coverageSchema":"1a1c01bbd47fc00a2c39e90264f33305004495a9","hash":"4d356d35d185565a4c256fbc544e7a3b5ff59100"}
}
