TN:
SF:src\containers\ChaptersScreen\ChaptersScreen.js
FN:6,ChaptersScreen
FN:23,mapStateToProps
FNF:2
FNH:2
FNDA:1,ChaptersScreen
FNDA:1,mapStateToProps
DA:1,1
DA:2,1
DA:4,1
DA:6,1
DA:7,1
DA:17,1
DA:23,1
DA:24,1
DA:29,1
LF:9
LH:9
BRF:0
BRH:0
end_of_record
TN:
SF:src\store\utils.js
FN:3,ownKeys
FN:3,(anonymous_1)
FN:3,_objectSpread
FN:3,(anonymous_3)
FN:3,(anonymous_4)
FN:5,findByTestAttr
FN:10,testStore
FN:15,updatedObject
FNF:8
FNH:0
FNDA:0,ownKeys
FNDA:0,(anonymous_1)
FNDA:0,_objectSpread
FNDA:0,(anonymous_3)
FNDA:0,(anonymous_4)
FNDA:0,findByTestAttr
FNDA:0,testStore
FNDA:0,updatedObject
DA:1,1
DA:2,1
DA:3,1
DA:5,1
DA:6,0
DA:7,0
DA:8,1
DA:10,1
DA:11,0
DA:12,0
DA:13,1
DA:15,1
DA:16,0
DA:20,1
LF:14
LH:9
BRDA:3,0,0,0
BRDA:3,0,1,0
BRDA:3,1,0,0
BRDA:3,1,1,0
BRDA:3,2,0,0
BRDA:3,2,1,0
BRDA:3,3,0,0
BRDA:3,3,1,0
BRDA:3,4,0,0
BRDA:3,4,1,0
BRF:10
BRH:0
end_of_record
TN:
SF:src\store\actions\actionTypes.js
FNF:0
FNH:0
DA:1,1
DA:5,1
LF:2
LH:2
BRF:0
BRH:0
end_of_record
TN:
SF:src\store\reducers\index.js
FNF:0
FNH:0
DA:1,1
DA:3,1
DA:5,1
DA:9,1
LF:4
LH:4
BRF:0
BRH:0
end_of_record
TN:
SF:src\store\reducers\authReducer\auth.js
FN:9,authReducer
FN:20,AuthFail
FN:26,AuthSuccess
FNF:3
FNH:1
FNDA:3,authReducer
FNDA:0,AuthFail
FNDA:0,AuthSuccess
DA:1,1
DA:2,1
DA:4,1
DA:9,3
DA:10,3
DA:12,0
DA:14,0
DA:16,3
DA:20,1
DA:21,0
DA:26,1
DA:27,0
DA:32,1
LF:13
LH:9
BRDA:9,0,0,0
BRDA:9,0,1,3
BRDA:9,1,0,3
BRDA:9,1,1,3
BRDA:9,2,0,3
BRDA:9,2,1,0
BRDA:10,3,0,0
BRDA:10,3,1,0
BRDA:10,3,2,3
BRF:9
BRH:5
end_of_record
TN:
SF:src\utils\index.js
FN:5,findByTestAttr
FN:10,testStore
FNF:2
FNH:2
FNDA:1,findByTestAttr
FNDA:1,testStore
DA:1,1
DA:2,1
DA:3,1
DA:5,1
DA:6,1
DA:7,1
DA:8,1
DA:10,1
DA:11,1
DA:12,1
DA:13,1
LF:11
LH:11
BRF:0
BRH:0
end_of_record
